build/outputs/logs/manifest-merger-debug-report.txt
-- Merging decision tree log ---
manifest
ADDED from Desktop/todo-sync/AndroidManifest.xml:2:1-36:12
	package
		ADDED from Desktop/todo-sync/AndroidManifest.xml:3:5-32
	android:versionName
		ADDED from Desktop/todo-sync/AndroidManifest.xml:5:5-30
	android:versionCode
		ADDED from Desktop/todo-sync/AndroidManifest.xml:4:5-28
		INJECTED from Desktop/todo-sync/AndroidManifest.xml
		INJECTED from Desktop/todo-sync/AndroidManifest.xml
	xmlns:android
		ADDED from Desktop/todo-sync/AndroidManifest.xml:2:11-69
uses-permission#android.permission.INTERNET
ADDED from Desktop/todo-sync/AndroidManifest.xml:7:5-67
	android:name
		ADDED from Desktop/todo-sync/AndroidManifest.xml:7:22-64
uses-permission#android.permission.ACCESS_NETWORK_STATE
ADDED from Desktop/todo-sync/AndroidManifest.xml:8:5-79
	android:name
		ADDED from Desktop/todo-sync/AndroidManifest.xml:8:22-76
uses-sdk
ADDED from Desktop/todo-sync/AndroidManifest.xml:10:5-12:41
	android:targetSdkVersion
		ADDED from Desktop/todo-sync/AndroidManifest.xml:12:9-38
	android:minSdkVersion
		ADDED from Desktop/todo-sync/AndroidManifest.xml:11:9-35
		INJECTED from Desktop/todo-sync/AndroidManifest.xml
		INJECTED from Desktop/todo-sync/AndroidManifest.xml
application
ADDED from Desktop/todo-sync/AndroidManifest.xml:14:5-34:19
	android:label
		ADDED from Desktop/todo-sync/AndroidManifest.xml:17:9-41
	android:allowBackup
		ADDED from Desktop/todo-sync/AndroidManifest.xml:15:9-35
	android:icon
		ADDED from Desktop/todo-sync/AndroidManifest.xml:16:9-45
	android:theme
		ADDED from Desktop/todo-sync/AndroidManifest.xml:18:9-40
activity#com.cloudant.todo.SettingsActivity
ADDED from Desktop/todo-sync/AndroidManifest.xml:19:9-22:20
	android:label
		ADDED from Desktop/todo-sync/AndroidManifest.xml:21:13-60
	android:name
		ADDED from Desktop/todo-sync/AndroidManifest.xml:20:13-62
activity#com.cloudant.todo.TodoActivity
ADDED from Desktop/todo-sync/AndroidManifest.xml:23:9-33:20
	android:screenOrientation
		ADDED from Desktop/todo-sync/AndroidManifest.xml:25:13-49
	android:label
		ADDED from Desktop/todo-sync/AndroidManifest.xml:27:13-45
	android:configChanges
		ADDED from Desktop/todo-sync/AndroidManifest.xml:24:13-63
	android:name
		ADDED from Desktop/todo-sync/AndroidManifest.xml:26:13-58
intent-filter#android.intent.action.MAIN+android.intent.category.LAUNCHER
ADDED from Desktop/todo-sync/AndroidManifest.xml:28:13-32:29
action#android.intent.action.MAIN
ADDED from Desktop/todo-sync/AndroidManifest.xml:29:17-69
	android:name
		ADDED from Desktop/todo-sync/AndroidManifest.xml:29:25-66
category#android.intent.category.LAUNCHER
ADDED from Desktop/todo-sync/AndroidManifest.xml:31:17-77
	android:name
		ADDED from Desktop/todo-sync/AndroidManifest.xml:31:27-74